<?xml version="1.0" encoding="UTF-8"?>
<!-- Generated by org.testng.reporters.JUnitReportReporter -->
<testsuite hostname="Sony" name="practice.Test" tests="1" failures="0" timestamp="27 Jun 2021 03:50:12 GMT" time="28.070" errors="0">
  <testcase name="loginM" time="28.070" classname="practice.Test"/>
</testsuite> <!-- practice.Test -->
