<?xml version="1.0" encoding="UTF-8"?>
<!-- Generated by org.testng.reporters.JUnitReportReporter -->
<testsuite hostname="Sony" name="test.Test" tests="1" failures="0" timestamp="27 Jun 2021 03:52:01 GMT" time="33.197" errors="0">
  <testcase name="actitime" time="33.197" classname="test.Test"/>
</testsuite> <!-- test.Test -->
