<?xml version="1.0" encoding="UTF-8"?>
<!-- Generated by org.testng.reporters.JUnitReportReporter -->
<testsuite hostname="Sony" name="practice.Test2" tests="3" failures="0" timestamp="28 Jun 2021 16:12:03 GMT" time="0.047" errors="0">
  <testcase name="pp" time="0.032" classname="practice.Test2"/>
  <testcase name="pq" time="0.015" classname="practice.Test2"/>
  <testcase name="pqr" time="0.000" classname="practice.Test2"/>
</testsuite> <!-- practice.Test2 -->
